<?xml version="1.0" encoding="UTF-8"?>
<testng-results skipped="0" failed="0" ignored="0" total="1" passed="1">
  <reporter-output>
  </reporter-output>
  <suite name="Default suite" duration-ms="14160" started-at="2018-05-10T08:53:10Z" finished-at="2018-05-10T08:53:24Z">
    <groups>
    </groups>
    <test name="Default test" duration-ms="14160" started-at="2018-05-10T08:53:10Z" finished-at="2018-05-10T08:53:24Z">
      <class name="TestingBotTest">
        <test-method status="PASS" signature="setUp()[pri:0, instance:TestingBotTest@80503]" name="setUp" is-config="true" duration-ms="8697" started-at="2018-05-10T08:53:10Z" finished-at="2018-05-10T08:53:19Z">
          <reporter-output>
          </reporter-output>
        </test-method> <!-- setUp -->
        <test-method status="PASS" signature="testSimple()[pri:0, instance:TestingBotTest@80503]" name="testSimple" duration-ms="4000" started-at="2018-05-10T08:53:19Z" finished-at="2018-05-10T08:53:23Z">
          <reporter-output>
          </reporter-output>
        </test-method> <!-- testSimple -->
        <test-method status="PASS" signature="tearDown()[pri:0, instance:TestingBotTest@80503]" name="tearDown" is-config="true" duration-ms="1439" started-at="2018-05-10T08:53:23Z" finished-at="2018-05-10T08:53:24Z">
          <reporter-output>
          </reporter-output>
        </test-method> <!-- tearDown -->
      </class> <!-- TestingBotTest -->
    </test> <!-- Default test -->
  </suite> <!-- Default suite -->
</testng-results>
